commit c9742eca32aea6397e134ed204097bbf7477d742 (HEAD -> assignment, origin/assignment)
Merge: dc18e9c 9823c22
Author: BoruSun226 <bos226@usask.ca>
Date:   Mon Sep 28 08:32:47 2020 -0600

    Merge branch 'assignment' of https://git.cs.usask.ca/dwm138/group37 into assignment
    Merge local branch

commit dc18e9cdc6b6aad8e5f67c1a4b05a65239960497
Author: BoruSun226 <bos226@usask.ca>
Date:   Mon Sep 28 08:20:36 2020 -0600

    add git-log.log into a1-phase2

commit 9823c2222735e00ede2b69fb63745b3d3425524c
Author: Boru Sun (bos226) <bos226@mail.usask.ca>
Date:   Mon Sep 28 08:12:26 2020 -0600

    Upload partB.bash

commit a984567eff08c216f63d60c00de5e1b46fad59f0
Author: Boru Sun (bos226) <bos226@mail.usask.ca>
Date:   Mon Sep 28 08:11:13 2020 -0600

    Update group37-testlist.c

bos226@tux6:~/CMPT332/group37/a1-phase2> git log --all
commit c9742eca32aea6397e134ed204097bbf7477d742 (HEAD -> assignment, origin/assignment)
Merge: dc18e9c 9823c22
Author: BoruSun226 <bos226@usask.ca>
Date:   Mon Sep 28 08:32:47 2020 -0600

    Merge branch 'assignment' of https://git.cs.usask.ca/dwm138/group37 into assignment
    Merge local branch

commit dc18e9cdc6b6aad8e5f67c1a4b05a65239960497
Author: BoruSun226 <bos226@usask.ca>
Date:   Mon Sep 28 08:20:36 2020 -0600

    add git-log.log into a1-phase2

commit 4c938a25e0c2d002d541a1d3399699182dcc44e8 (refs/stash)
Merge: 6fb63e9 01620b8
Author: BoruSun226 <bos226@usask.ca>
Date:   Mon Sep 28 08:15:31 2020 -0600

    WIP on lab2: 6fb63e9 Add files for a1-phase2 to assignment/a1-phase2

commit 01620b8b6b44004cacbd2dabce69ffa4699292fd
Author: BoruSun226 <bos226@usask.ca>
Date:   Mon Sep 28 08:15:31 2020 -0600

    index on lab2: 6fb63e9 Add files for a1-phase2 to assignment/a1-phase2
    
commit 972564c62c57a59221ebb476e34b85ebeeb4d0d2
Author: BoruSun226 <bos226@usask.ca>
Date:   Sun Sep 20 23:49:00 2020 -0600

    add log.txt for A1phase into asssignment branch

commit 9d8294ba684e5871b4720f5294849e0d6181d158
Author: Kun Niu (kun869) <kun869@mail.usask.ca>
Date:   Sun Sep 20 22:25:05 2020 -0600

    Upload New File

commit d228e6fa91c8817d7dee2198f0f09cc30349ae98
Author: Kun Niu (kun869) <kun869@mail.usask.ca>
Date:   Sun Sep 20 16:59:23 2020 -0600

    Upload New File

commit 5e96126fb9aa68242441a27459ac29bf1378d65e
Author: Kun Niu (kun869) <kun869@mail.usask.ca>
Date:   Sun Sep 20 16:53:24 2020 -0600

    Upload New File

commit b43d492a78e25836f1589f13db96887d26960161
Author: Kun Niu (kun869) <kun869@mail.usask.ca>
Date:   Sun Sep 20 16:53:14 2020 -0600

    Upload New File

commit 4ec767b67d777bcfbbb8aa13557288210bad91d1
Author: Kun Niu (kun869) <kun869@mail.usask.ca>
Date:   Sun Sep 20 16:52:55 2020 -0600

    Upload New File

commit 74f160bfefd9ddb8708be7c5bf29df7c2c473d00
Author: Kun Niu (kun869) <kun869@mail.usask.ca>
Date:   Sun Sep 20 16:38:53 2020 -0600

    Update List.h

commit 13f57591192005dd0c67ce6ef855df30b644f492
Author: Kun Niu (kun869) <kun869@mail.usask.ca>
Date:   Sun Sep 20 16:35:25 2020 -0600

    Update List.h

commit a07c818356bb8c7251e2b0d1c3ea6d7fb7e1a6ba
Merge: 1a3c6f5 36d2c17
Author: Kun Niu (kun869) <kun869@mail.usask.ca>
Date:   Sun Sep 20 16:12:38 2020 -0600

    Merge branch 'assignments' into 'master'
    
    Assignments
    
    See merge request dwm138/group37!1

commit 36d2c17931bf69f66eb3e7873149deecb366a0e0
Author: Kun Niu (kun869) <kun869@mail.usask.ca>
Date:   Sun Sep 20 16:10:40 2020 -0600

    Update PartC.design.txt

commit 0482e10bf230a0401ccd1c6ed23b206bf7ab90f0
Author: Kun Niu (kun869) <kun869@mail.usask.ca>
Date:   Sun Sep 20 16:10:24 2020 -0600

    Update PartA.h

commit 89d9d7368daf0195e9c3d7c7b676f7e9cd27b5e2
Author: Kun Niu (kun869) <kun869@mail.usask.ca>
Date:   Sun Sep 20 16:10:10 2020 -0600

    Update PartA.design.txt

commit 844a0c967cecde13400b1b4d3fead24cf56aa3d7
Author: Kun Niu (kun869) <kun869@mail.usask.ca>
Date:   Sun Sep 20 16:09:51 2020 -0600

    Update PartA.c

commit b5b73641cdd64ccf6f644c8b7d52237a51bbde37
Author: Kun Niu (kun869) <kun869@mail.usask.ca>
Date:   Sun Sep 20 16:09:29 2020 -0600

    Update List.h

commit 7e084b9aae7ddf8c3c0a6fd69fd54cca56e9f62f
Author: Kun Niu (kun869) <kun869@mail.usask.ca>
Date:   Sun Sep 20 16:03:11 2020 -0600

    Upload New File

commit 6c1dd9369787eb97ca2b2a23eb81bce36ca3e7ff
Author: Kun Niu (kun869) <kun869@mail.usask.ca>
Date:   Sun Sep 20 16:01:32 2020 -0600

    Upload New File

commit 98dc2feb6429962459794234c733e38059f6667c
Author: Kun Niu (kun869) <kun869@mail.usask.ca>
Date:   Sun Sep 20 16:01:02 2020 -0600

    Upload New File

commit 82027720f94e495adb05e24c9c48915de51c790f
Author: Kun Niu (kun869) <kun869@mail.usask.ca>
Date:   Sun Sep 20 15:59:43 2020 -0600

    Upload New File

commit a4f96ba5c5c415fc64b3fbf4ff1a3b10d5b0591a
Author: Kun Niu (kun869) <kun869@mail.usask.ca>
Date:   Sun Sep 20 15:59:23 2020 -0600

    Upload New File

commit 1a3c6f56374b4c41e7d19960bdcbd23e077d25cb
Author: Kun Niu (kun869) <kun869@mail.usask.ca>
Date:   Wed Sep 16 11:41:56 2020 -0600

    Upload New File

commit 402637ae1d8ea18aa0bbf4a0449dde9ef9b98413
Author: Kun Niu (kun869) <kun869@mail.usask.ca>
Date:   Tue Sep 15 14:22:10 2020 -0600

    Update group-info.txt

commit 36ff15041538ccc76f7abb724d360f9909117041
Author: serenasun999 <38842425+serenasun999@users.noreply.github.com>
Date:   Mon Sep 14 09:12:49 2020 -0600

    add group-info.txt

commit 23a64e79c92954d45fbc019eb3b86c7aa304e6fe
Author: Dwight Makaroff (dwm138) <makaroff@cs.usask.ca>
Date:   Wed Sep 9 11:56:08 2020 -0600

    Add README.md
